{
  "stats": {
    "suites": 1,
    "tests": 5,
    "passes": 3,
    "pending": 0,
    "failures": 2,
    "start": "2022-06-21T09:44:04.270Z",
    "end": "2022-06-21T09:45:36.193Z",
    "duration": 91923,
    "testsRegistered": 5,
    "passPercent": 60,
    "pendingPercent": 0,
    "other": 0,
    "hasOther": false,
    "skipped": 0,
    "hasSkipped": false
  },
  "results": [
    {
      "uuid": "e0e22b3d-fccc-4870-832d-2d5da76de86e",
      "title": "",
      "fullFile": "cypress/e2e/assestsTest/loadAssest.cy.js",
      "file": "cypress/e2e/assestsTest/loadAssest.cy.js",
      "beforeHooks": [],
      "afterHooks": [],
      "tests": [],
      "suites": [
        {
          "uuid": "de470a73-2ea3-4093-be9e-2b941afd86d7",
          "title": "Assets page",
          "fullFile": "",
          "file": "",
          "beforeHooks": [],
          "afterHooks": [],
          "tests": [
            {
              "title": "should verify that user can access asset page",
              "fullTitle": "Assets page should verify that user can access asset page",
              "timedOut": null,
              "duration": 15386,
              "state": "passed",
              "speed": "slow",
              "pass": true,
              "fail": false,
              "pending": false,
              "context": null,
              "code": "assets.getSpace(\"Your first space\");\nassets.getAsset();",
              "err": {},
              "uuid": "22815129-8134-4d9d-aaba-e7f177be2204",
              "parentUUID": "de470a73-2ea3-4093-be9e-2b941afd86d7",
              "isHook": false,
              "skipped": false
            },
            {
              "title": "should verify that user can upload assets",
              "fullTitle": "Assets page should verify that user can upload assets",
              "timedOut": null,
              "duration": 34114,
              "state": "passed",
              "speed": "slow",
              "pass": true,
              "fail": false,
              "pending": false,
              "context": null,
              "code": "cy.wait(5000);\nassets.getAssetPage(\"Your first space\");\nassets.getUploadButton().should(\"contain.text\", \"Add Asset(s)\");\ncy.fixture(\"IMG_8118.HEIC\");\ncy.get(\".upload-select\").attachFile(\"IMG_8118.HEIC\");\nassets.uploadAssetbtn({\n  force: true\n});\nassets.getUploadButton().should(\"contain.text\", \"%\");\ncy.wait(20000);",
              "err": {},
              "uuid": "ef051591-08b3-4b37-b329-fd50b3f19543",
              "parentUUID": "de470a73-2ea3-4093-be9e-2b941afd86d7",
              "isHook": false,
              "skipped": false
            },
            {
              "title": "should verify that user can select and replace asset",
              "fullTitle": "Assets page should verify that user can select and replace asset",
              "timedOut": null,
              "duration": 29394,
              "state": "passed",
              "speed": "slow",
              "pass": true,
              "fail": false,
              "pending": false,
              "context": null,
              "code": "assets.getAssetPage(\"Your first space\");\nassets.selectRow1();\nassets.replaceBtn;\ncy.fixture(\"IMG_8119.HEIC\");\ncy.get(\".popover__inner > .uk-form-file > .upload-select\").attachFile(\"IMG_8119.HEIC\");\ncy.wait(20000);",
              "err": {},
              "uuid": "2bdea08a-ccb3-4980-8506-4d244d0bfde9",
              "parentUUID": "de470a73-2ea3-4093-be9e-2b941afd86d7",
              "isHook": false,
              "skipped": false
            },
            {
              "title": "should verify that user is able to delete assets",
              "fullTitle": "Assets page should verify that user is able to delete assets",
              "timedOut": null,
              "duration": 6183,
              "state": "failed",
              "speed": null,
              "pass": false,
              "fail": true,
              "pending": false,
              "context": null,
              "code": "assets.getAssetPage(\"Your first space\");\nassets.deleteAssets();\nassets.assertPage();",
              "err": {
                "message": "AssertionError: Timed out retrying after 4000ms: Expected to find element: `.sidebar__linklist-inner--with-star > .sidebar__link`, but never found it.",
                "estack": "AssertionError: Timed out retrying after 4000ms: Expected to find element: `.sidebar__linklist-inner--with-star > .sidebar__link`, but never found it.\n    at Assets.getSpace (https://app.storyblok.com/__cypress/tests?p=cypress/e2e/assestsTest/loadAssest.cy.js:183:68)\n    at Assets.getAssetPage (https://app.storyblok.com/__cypress/tests?p=cypress/e2e/assestsTest/loadAssest.cy.js:200:10)\n    at Context.eval (https://app.storyblok.com/__cypress/tests?p=cypress/e2e/assestsTest/loadAssest.cy.js:154:12)",
                "diff": null
              },
              "uuid": "76c32a12-0ff8-49fb-b48c-c60bcba824c4",
              "parentUUID": "de470a73-2ea3-4093-be9e-2b941afd86d7",
              "isHook": false,
              "skipped": false
            },
            {
              "title": "should verify user can add a foldername",
              "fullTitle": "Assets page should verify user can add a foldername",
              "timedOut": null,
              "duration": 6538,
              "state": "failed",
              "speed": null,
              "pass": false,
              "fail": true,
              "pending": false,
              "context": null,
              "code": "assets.getAssetPage(\"Your first space\");\nassets.createFolder();",
              "err": {
                "message": "AssertionError: Timed out retrying after 4000ms: Expected to find element: `.sidebar__linklist-inner--with-star > .sidebar__link`, but never found it.",
                "estack": "AssertionError: Timed out retrying after 4000ms: Expected to find element: `.sidebar__linklist-inner--with-star > .sidebar__link`, but never found it.\n    at Assets.getSpace (https://app.storyblok.com/__cypress/tests?p=cypress/e2e/assestsTest/loadAssest.cy.js:183:68)\n    at Assets.getAssetPage (https://app.storyblok.com/__cypress/tests?p=cypress/e2e/assestsTest/loadAssest.cy.js:200:10)\n    at Context.eval (https://app.storyblok.com/__cypress/tests?p=cypress/e2e/assestsTest/loadAssest.cy.js:159:12)",
                "diff": null
              },
              "uuid": "b1e884b1-d38d-465a-9f3c-5e61bf3e1ec6",
              "parentUUID": "de470a73-2ea3-4093-be9e-2b941afd86d7",
              "isHook": false,
              "skipped": false
            }
          ],
          "suites": [],
          "passes": [
            "22815129-8134-4d9d-aaba-e7f177be2204",
            "ef051591-08b3-4b37-b329-fd50b3f19543",
            "2bdea08a-ccb3-4980-8506-4d244d0bfde9"
          ],
          "failures": [
            "76c32a12-0ff8-49fb-b48c-c60bcba824c4",
            "b1e884b1-d38d-465a-9f3c-5e61bf3e1ec6"
          ],
          "pending": [],
          "skipped": [],
          "duration": 91615,
          "root": false,
          "rootEmpty": false,
          "_timeout": 2000
        }
      ],
      "passes": [],
      "failures": [],
      "pending": [],
      "skipped": [],
      "duration": 0,
      "root": true,
      "rootEmpty": true,
      "_timeout": 2000
    }
  ],
  "meta": {
    "mocha": {
      "version": "7.0.1"
    },
    "mochawesome": {
      "options": {
        "quiet": false,
        "reportFilename": "mochawesome",
        "saveHtml": true,
        "saveJson": true,
        "consoleReporter": "spec",
        "useInlineDiffs": false,
        "code": true
      },
      "version": "7.1.3"
    },
    "marge": {
      "options": null,
      "version": "6.2.0"
    }
  }
}