{
  "stats": {
    "suites": 1,
    "tests": 5,
    "passes": 3,
    "pending": 0,
    "failures": 2,
    "start": "2022-06-21T01:15:51.929Z",
    "end": "2022-06-21T01:17:25.997Z",
    "duration": 94068,
    "testsRegistered": 5,
    "passPercent": 60,
    "pendingPercent": 0,
    "other": 0,
    "hasOther": false,
    "skipped": 0,
    "hasSkipped": false
  },
  "results": [
    {
      "uuid": "a1ae4da7-1e41-43e2-b1ba-f9e2a0463749",
      "title": "",
      "fullFile": "cypress/e2e/assestsTest/loadAssest.cy.js",
      "file": "cypress/e2e/assestsTest/loadAssest.cy.js",
      "beforeHooks": [],
      "afterHooks": [],
      "tests": [],
      "suites": [
        {
          "uuid": "f76a077f-8a0b-41da-b779-433e3d903c05",
          "title": "Assets page",
          "fullFile": "",
          "file": "",
          "beforeHooks": [],
          "afterHooks": [],
          "tests": [
            {
              "title": "should verify that user can access asset page",
              "fullTitle": "Assets page should verify that user can access asset page",
              "timedOut": null,
              "duration": 11158,
              "state": "failed",
              "speed": null,
              "pass": false,
              "fail": true,
              "pending": false,
              "context": null,
              "code": "assets.getSpace(\"Your first space\");\nassets.getAssets();\nassets.assertPage();",
              "err": {
                "message": "TypeError: assets.getAssets is not a function",
                "estack": "TypeError: assets.getAssets is not a function\n    at Context.eval (https://app.storyblok.com/__cypress/tests?p=cypress/e2e/assestsTest/loadAssest.cy.js:131:12)",
                "diff": null
              },
              "uuid": "dbb90fc6-0b5e-4108-a559-bdaa9a5a1321",
              "parentUUID": "f76a077f-8a0b-41da-b779-433e3d903c05",
              "isHook": false,
              "skipped": false
            },
            {
              "title": "should verify that user can upload assets",
              "fullTitle": "Assets page should verify that user can upload assets",
              "timedOut": null,
              "duration": 36174,
              "state": "passed",
              "speed": "slow",
              "pass": true,
              "fail": false,
              "pending": false,
              "context": null,
              "code": "cy.wait(5000);\nassets.getAssetPage(\"Your first space\");\nassets.getUploadButton().should(\"contain.text\", \"Add Asset(s)\");\ncy.fixture(\"IMG_8118.HEIC\");\ncy.get(\".upload-select\").attachFile(\"IMG_8118.HEIC\");\nassets.uploadAssetbtn({\n  force: true\n});\nassets.getUploadButton().should(\"contain.text\", \"%\");\ncy.wait(20000);",
              "err": {},
              "uuid": "84ea74eb-f801-4805-b27d-f000d27a3e7a",
              "parentUUID": "f76a077f-8a0b-41da-b779-433e3d903c05",
              "isHook": false,
              "skipped": false
            },
            {
              "title": "should verify that user can select and replace asset",
              "fullTitle": "Assets page should verify that user can select and replace asset",
              "timedOut": null,
              "duration": 29666,
              "state": "passed",
              "speed": "slow",
              "pass": true,
              "fail": false,
              "pending": false,
              "context": null,
              "code": "assets.getAssetPage(\"Your first space\");\nassets.selectRow1();\nassets.replaceBtn;\ncy.fixture(\"IMG_8119.HEIC\");\ncy.get(\".popover__inner > .uk-form-file > .upload-select\").attachFile(\"IMG_8119.HEIC\");\ncy.wait(20000);",
              "err": {},
              "uuid": "b5f3e340-ebaf-4545-a857-ffcfa7226ce5",
              "parentUUID": "f76a077f-8a0b-41da-b779-433e3d903c05",
              "isHook": false,
              "skipped": false
            },
            {
              "title": "should verify that user is able to delete assets",
              "fullTitle": "Assets page should verify that user is able to delete assets",
              "timedOut": null,
              "duration": 10135,
              "state": "passed",
              "speed": "slow",
              "pass": true,
              "fail": false,
              "pending": false,
              "context": null,
              "code": "assets.getAssetPage(\"Your first space\");\nassets.deleteAssets();\nassets.assertPage();",
              "err": {},
              "uuid": "c2ffa413-b96e-40bb-8617-d007be067e46",
              "parentUUID": "f76a077f-8a0b-41da-b779-433e3d903c05",
              "isHook": false,
              "skipped": false
            },
            {
              "title": "should verify user can add a foldername",
              "fullTitle": "Assets page should verify user can add a foldername",
              "timedOut": null,
              "duration": 6272,
              "state": "failed",
              "speed": null,
              "pass": false,
              "fail": true,
              "pending": false,
              "context": null,
              "code": "assets.getAssetPage(\"Your first space\");\nassets.createFolder();",
              "err": {
                "message": "AssertionError: Timed out retrying after 4000ms: Expected to find element: `.sidebar__linklist-inner--with-star > .sidebar__link`, but never found it.",
                "estack": "AssertionError: Timed out retrying after 4000ms: Expected to find element: `.sidebar__linklist-inner--with-star > .sidebar__link`, but never found it.\n    at Assets.getSpace (https://app.storyblok.com/__cypress/tests?p=cypress/e2e/assestsTest/loadAssest.cy.js:184:68)\n    at Assets.getAssetPage (https://app.storyblok.com/__cypress/tests?p=cypress/e2e/assestsTest/loadAssest.cy.js:201:10)\n    at Context.eval (https://app.storyblok.com/__cypress/tests?p=cypress/e2e/assestsTest/loadAssest.cy.js:160:12)",
                "diff": null
              },
              "uuid": "b6b9f835-c14f-4af8-ac91-301ccb62d58f",
              "parentUUID": "f76a077f-8a0b-41da-b779-433e3d903c05",
              "isHook": false,
              "skipped": false
            }
          ],
          "suites": [],
          "passes": [
            "84ea74eb-f801-4805-b27d-f000d27a3e7a",
            "b5f3e340-ebaf-4545-a857-ffcfa7226ce5",
            "c2ffa413-b96e-40bb-8617-d007be067e46"
          ],
          "failures": [
            "dbb90fc6-0b5e-4108-a559-bdaa9a5a1321",
            "b6b9f835-c14f-4af8-ac91-301ccb62d58f"
          ],
          "pending": [],
          "skipped": [],
          "duration": 93405,
          "root": false,
          "rootEmpty": false,
          "_timeout": 2000
        }
      ],
      "passes": [],
      "failures": [],
      "pending": [],
      "skipped": [],
      "duration": 0,
      "root": true,
      "rootEmpty": true,
      "_timeout": 2000
    }
  ],
  "meta": {
    "mocha": {
      "version": "7.0.1"
    },
    "mochawesome": {
      "options": {
        "quiet": false,
        "reportFilename": "mochawesome",
        "saveHtml": true,
        "saveJson": true,
        "consoleReporter": "spec",
        "useInlineDiffs": false,
        "code": true
      },
      "version": "7.1.3"
    },
    "marge": {
      "options": null,
      "version": "6.2.0"
    }
  }
}